ConferenceBasic_NCCPS/build/outputs/logs/manifest-merger-release-report.txt
-- Merging decision tree log ---
permission#com.android.incongress.cd.conference.permission.JPUSH_MESSAGE
INJECTED from IFSC2018\ConferenceBasic_NCCPS\AndroidManifest.xml:33:5-35:47
	android:protectionLevel
		ADDED from IFSC2018\ConferenceBasic_NCCPS\AndroidManifest.xml:35:9-44
	android:name
		INJECTED from IFSC2018\ConferenceBasic_NCCPS\AndroidManifest.xml
		ADDED from IFSC2018\ConferenceBasic_NCCPS\AndroidManifest.xml:34:9-65
uses-permission#com.android.incongress.cd.conference.permission.JPUSH_MESSAGE
INJECTED from IFSC2018\ConferenceBasic_NCCPS\AndroidManifest.xml:38:5-81
	android:name
		INJECTED from IFSC2018\ConferenceBasic_NCCPS\AndroidManifest.xml
		ADDED from IFSC2018\ConferenceBasic_NCCPS\AndroidManifest.xml:38:22-78
provider#cn.jpush.android.service.DataProvider
INJECTED from IFSC2018\ConferenceBasic_NCCPS\AndroidManifest.xml:196:9-199:39
	android:authorities
		INJECTED from IFSC2018\ConferenceBasic_NCCPS\AndroidManifest.xml
		ADDED from IFSC2018\ConferenceBasic_NCCPS\AndroidManifest.xml:198:13-64
	android:exported
		ADDED from IFSC2018\ConferenceBasic_NCCPS\AndroidManifest.xml:199:13-36
	android:name
		ADDED from IFSC2018\ConferenceBasic_NCCPS\AndroidManifest.xml:197:13-65
category#com.android.incongress.cd.conference
INJECTED from IFSC2018\ConferenceBasic_NCCPS\AndroidManifest.xml:209:17-61
INJECTED from IFSC2018\ConferenceBasic_NCCPS\AndroidManifest.xml:225:17-61
INJECTED from IFSC2018\ConferenceBasic_NCCPS\AndroidManifest.xml:250:17-61
INJECTED from IFSC2018\ConferenceBasic_NCCPS\AndroidManifest.xml:261:17-61
INJECTED from IFSC2018\ConferenceBasic_NCCPS\AndroidManifest.xml:294:17-61
	android:name
		INJECTED from IFSC2018\ConferenceBasic_NCCPS\AndroidManifest.xml
		INJECTED from IFSC2018\ConferenceBasic_NCCPS\AndroidManifest.xml
		INJECTED from IFSC2018\ConferenceBasic_NCCPS\AndroidManifest.xml
		INJECTED from IFSC2018\ConferenceBasic_NCCPS\AndroidManifest.xml
		INJECTED from IFSC2018\ConferenceBasic_NCCPS\AndroidManifest.xml
		ADDED from IFSC2018\ConferenceBasic_NCCPS\AndroidManifest.xml:209:27-58
provider#cn.jpush.android.service.DownloadProvider
INJECTED from IFSC2018\ConferenceBasic_NCCPS\AndroidManifest.xml:214:9-217:39
	android:authorities
		INJECTED from IFSC2018\ConferenceBasic_NCCPS\AndroidManifest.xml
		ADDED from IFSC2018\ConferenceBasic_NCCPS\AndroidManifest.xml:216:13-68
	android:exported
		ADDED from IFSC2018\ConferenceBasic_NCCPS\AndroidManifest.xml:217:13-36
	android:name
		ADDED from IFSC2018\ConferenceBasic_NCCPS\AndroidManifest.xml:215:13-69
manifest
ADDED from IFSC2018\ConferenceBasic_NCCPS\AndroidManifest.xml:2:1-392:12
INJECTED from IFSC2018\ConferenceBasic_NCCPS\AndroidManifest.xml:2:1-392:12
INJECTED from IFSC2018\ConferenceBasic_NCCPS\AndroidManifest.xml:2:1-392:12
INJECTED from IFSC2018\ConferenceBasic_NCCPS\AndroidManifest.xml:2:1-392:12
MERGED from [:Library_SuperRecyclerView] AndroidManifest.xml:2:1-11:12
MERGED from [:bottom-navigation-bar] AndroidManifest.xml:2:1-13:12
MERGED from [:cardview] AndroidManifest.xml:2:1-11:12
MERGED from [:YCVideoPlayerLib] AndroidManifest.xml:2:1-11:12
MERGED from [com.android.support:design:27.1.1] AndroidManifest.xml:17:1-22:12
MERGED from [com.jcodecraeer:xrecyclerview:1.2.7] AndroidManifest.xml:2:1-13:12
MERGED from [com.sunfusheng:marqueeview:1.3.1] AndroidManifest.xml:2:1-17:12
MERGED from [cn.yc:YCDialogLib:3.5] AndroidManifest.xml:2:1-17:12
MERGED from [com.easefun.polyv:polyvPlayer:2.5.2] AndroidManifest.xml:2:1-14:12
MERGED from [com.easefun.polyv:polyvWidget:1.2.0] AndroidManifest.xml:2:1-11:12
MERGED from [com.android.support:appcompat-v7:27.1.1] AndroidManifest.xml:17:1-22:12
MERGED from [cn.finalteam:galleryfinal:1.4.8.7] AndroidManifest.xml:2:1-36:12
MERGED from [cn.finalteam:toolsfinal:1.1.5] AndroidManifest.xml:2:1-28:12
MERGED from [com.android.support:support-v4:27.1.1] AndroidManifest.xml:17:1-22:12
MERGED from [com.flyco.tablayout:FlycoTabLayout_Lib:2.1.2] AndroidManifest.xml:2:1-12:12
MERGED from [com.android.support:cardview-v7:27.1.1] AndroidManifest.xml:17:1-22:12
MERGED from [com.bm.photoview:library:1.3.6] AndroidManifest.xml:2:1-14:12
MERGED from [com.yqritc:recyclerview-flexibledivider:1.2.8] AndroidManifest.xml:2:1-12:12
MERGED from [org.litepal.android:core:1.4.1] AndroidManifest.xml:2:1-16:12
MERGED from [com.jakewharton:butterknife:8.2.1] AndroidManifest.xml:2:1-7:12
MERGED from [com.android.support:multidex:1.0.0] AndroidManifest.xml:16:1-19:12
MERGED from [:badgeviewlib] AndroidManifest.xml:2:1-13:12
MERGED from [com.easefun.polyv:polyvPlayerABI:1.6.0] AndroidManifest.xml:2:1-11:12
MERGED from [de.hdodenhof:circleimageview:2.2.0] AndroidManifest.xml:2:1-11:12
MERGED from [com.android.support:transition:27.1.1] AndroidManifest.xml:17:1-22:12
MERGED from [com.android.support:support-media-compat:27.1.1] AndroidManifest.xml:17:1-22:12
MERGED from [com.android.support:support-fragment:27.1.1] AndroidManifest.xml:17:1-22:12
MERGED from [com.android.support:animated-vector-drawable:27.1.1] AndroidManifest.xml:17:1-22:12
MERGED from [com.android.support:recyclerview-v7:27.1.1] AndroidManifest.xml:17:1-22:12
MERGED from [com.android.support:support-core-ui:27.1.1] AndroidManifest.xml:17:1-22:12
MERGED from [com.android.support:support-core-utils:27.1.1] AndroidManifest.xml:17:1-22:12
MERGED from [com.android.support:support-vector-drawable:27.1.1] AndroidManifest.xml:17:1-22:12
MERGED from [com.android.support:support-compat:27.1.1] AndroidManifest.xml:17:1-22:12
MERGED from [com.easefun.polyv:polyvModuleABI:1.4.0] AndroidManifest.xml:2:1-11:12
MERGED from [com.tencent.bugly:crashreport:2.6.6.1] AndroidManifest.xml:2:1-9:12
MERGED from [tv.danmaku.ijk.media:ijkplayer-exo:0.8.4] AndroidManifest.xml:2:1-15:12
MERGED from [tv.danmaku.ijk.media:ijkplayer-java:0.8.4] AndroidManifest.xml:2:1-9:12
MERGED from [tv.danmaku.ijk.media:ijkplayer-armv7a:0.8.4] AndroidManifest.xml:2:1-9:12
MERGED from [android.arch.lifecycle:runtime:1.1.0] AndroidManifest.xml:17:1-22:12
MERGED from [com.google.android.exoplayer:exoplayer:r1.5.11] AndroidManifest.xml:17:1-28:12
MERGED from [android.arch.lifecycle:livedata-core:1.1.0] AndroidManifest.xml:17:1-22:12
MERGED from [android.arch.core:runtime:1.1.0] AndroidManifest.xml:17:1-22:12
MERGED from [android.arch.lifecycle:viewmodel:1.1.0] AndroidManifest.xml:17:1-22:12
INJECTED from IFSC2018\ConferenceBasic_NCCPS\AndroidManifest.xml:2:1-392:12
INJECTED from IFSC2018\ConferenceBasic_NCCPS\AndroidManifest.xml:2:1-392:12
INJECTED from IFSC2018\ConferenceBasic_NCCPS\AndroidManifest.xml:2:1-392:12
	package
		ADDED from IFSC2018\ConferenceBasic_NCCPS\AndroidManifest.xml:3:5-62
		INJECTED from IFSC2018\ConferenceBasic_NCCPS\AndroidManifest.xml
		INJECTED from IFSC2018\ConferenceBasic_NCCPS\AndroidManifest.xml
	android:versionName
		INJECTED from IFSC2018\ConferenceBasic_NCCPS\AndroidManifest.xml
		ADDED from IFSC2018\ConferenceBasic_NCCPS\AndroidManifest.xml:2:1-392:12
		INJECTED from IFSC2018\ConferenceBasic_NCCPS\AndroidManifest.xml
	android:versionCode
		INJECTED from IFSC2018\ConferenceBasic_NCCPS\AndroidManifest.xml
		ADDED from IFSC2018\ConferenceBasic_NCCPS\AndroidManifest.xml:2:1-392:12
		INJECTED from IFSC2018\ConferenceBasic_NCCPS\AndroidManifest.xml
	xmlns:android
		ADDED from IFSC2018\ConferenceBasic_NCCPS\AndroidManifest.xml:2:11-69
uses-permission#android.permission.ACCESS_COARSE_LOCATION
ADDED from IFSC2018\ConferenceBasic_NCCPS\AndroidManifest.xml:5:5-81
	android:name
		ADDED from IFSC2018\ConferenceBasic_NCCPS\AndroidManifest.xml:5:22-78
uses-permission#android.permission.ACCESS_FINE_LOCATION
ADDED from IFSC2018\ConferenceBasic_NCCPS\AndroidManifest.xml:6:5-79
	android:name
		ADDED from IFSC2018\ConferenceBasic_NCCPS\AndroidManifest.xml:6:22-76
uses-permission#android.permission.ACCESS_GPS
ADDED from IFSC2018\ConferenceBasic_NCCPS\AndroidManifest.xml:7:5-69
	android:name
		ADDED from IFSC2018\ConferenceBasic_NCCPS\AndroidManifest.xml:7:22-66
uses-permission#android.permission.ACCESS_ASSISTED_GPS
ADDED from IFSC2018\ConferenceBasic_NCCPS\AndroidManifest.xml:8:5-78
	android:name
		ADDED from IFSC2018\ConferenceBasic_NCCPS\AndroidManifest.xml:8:22-75
uses-permission#android.permission.ACCESS_LOCATION
ADDED from IFSC2018\ConferenceBasic_NCCPS\AndroidManifest.xml:9:5-74
	android:name
		ADDED from IFSC2018\ConferenceBasic_NCCPS\AndroidManifest.xml:9:22-71
uses-permission#android.permission.READ_LOGS
ADDED from IFSC2018\ConferenceBasic_NCCPS\AndroidManifest.xml:10:5-68
	android:name
		ADDED from IFSC2018\ConferenceBasic_NCCPS\AndroidManifest.xml:10:22-65
uses-permission#android.permission.CHANGE_CONFIGURATION
ADDED from IFSC2018\ConferenceBasic_NCCPS\AndroidManifest.xml:11:5-79
	android:name
		ADDED from IFSC2018\ConferenceBasic_NCCPS\AndroidManifest.xml:11:22-76
uses-permission#android.permission.SUPPRESSACCESSCHECKS
ADDED from IFSC2018\ConferenceBasic_NCCPS\AndroidManifest.xml:12:5-79
	android:name
		ADDED from IFSC2018\ConferenceBasic_NCCPS\AndroidManifest.xml:12:22-76
uses-permission#android.permission.RECORD_AUDIO
ADDED from IFSC2018\ConferenceBasic_NCCPS\AndroidManifest.xml:13:5-71
	android:name
		ADDED from IFSC2018\ConferenceBasic_NCCPS\AndroidManifest.xml:13:22-68
uses-permission#android.permission.CHANGE_WIFI_STATE
ADDED from IFSC2018\ConferenceBasic_NCCPS\AndroidManifest.xml:14:5-76
	android:name
		ADDED from IFSC2018\ConferenceBasic_NCCPS\AndroidManifest.xml:14:22-73
uses-permission#android.permission.CAMERA
ADDED from IFSC2018\ConferenceBasic_NCCPS\AndroidManifest.xml:15:5-65
	android:name
		ADDED from IFSC2018\ConferenceBasic_NCCPS\AndroidManifest.xml:15:22-62
uses-permission#android.permission.WAKE_LOCK
ADDED from IFSC2018\ConferenceBasic_NCCPS\AndroidManifest.xml:16:5-68
	android:name
		ADDED from IFSC2018\ConferenceBasic_NCCPS\AndroidManifest.xml:16:22-65
uses-permission#android.permission.SYSTEM_ALERT_WINDOW
ADDED from IFSC2018\ConferenceBasic_NCCPS\AndroidManifest.xml:17:5-78
	android:name
		ADDED from IFSC2018\ConferenceBasic_NCCPS\AndroidManifest.xml:17:22-75
uses-permission#android.permission.SYSTEM_OVERLAY_WINDOW
ADDED from IFSC2018\ConferenceBasic_NCCPS\AndroidManifest.xml:18:5-80
	android:name
		ADDED from IFSC2018\ConferenceBasic_NCCPS\AndroidManifest.xml:18:22-77
uses-permission#android.permission.VIBRATE
ADDED from IFSC2018\ConferenceBasic_NCCPS\AndroidManifest.xml:19:5-66
	android:name
		ADDED from IFSC2018\ConferenceBasic_NCCPS\AndroidManifest.xml:19:22-63
uses-permission#android.permission.FLASHLIGHT
ADDED from IFSC2018\ConferenceBasic_NCCPS\AndroidManifest.xml:20:5-69
	android:name
		ADDED from IFSC2018\ConferenceBasic_NCCPS\AndroidManifest.xml:20:22-66
uses-feature#android.hardware.camera
ADDED from IFSC2018\ConferenceBasic_NCCPS\AndroidManifest.xml:24:5-60
	android:name
		ADDED from IFSC2018\ConferenceBasic_NCCPS\AndroidManifest.xml:24:19-57
uses-feature#android.hardware.camera.autofocus
ADDED from IFSC2018\ConferenceBasic_NCCPS\AndroidManifest.xml:25:5-70
	android:name
		ADDED from IFSC2018\ConferenceBasic_NCCPS\AndroidManifest.xml:25:19-67
uses-permission#android.permission.USE_CREDENTIALS
ADDED from IFSC2018\ConferenceBasic_NCCPS\AndroidManifest.xml:27:5-74
	android:name
		ADDED from IFSC2018\ConferenceBasic_NCCPS\AndroidManifest.xml:27:22-71
uses-permission#android.permission.GET_ACCOUNTS
ADDED from IFSC2018\ConferenceBasic_NCCPS\AndroidManifest.xml:28:5-71
	android:name
		ADDED from IFSC2018\ConferenceBasic_NCCPS\AndroidManifest.xml:28:22-68
uses-permission#android.permission.READ_PROFILE
ADDED from IFSC2018\ConferenceBasic_NCCPS\AndroidManifest.xml:29:5-71
	android:name
		ADDED from IFSC2018\ConferenceBasic_NCCPS\AndroidManifest.xml:29:22-68
uses-permission#android.permission.RECEIVE_USER_PRESENT
ADDED from IFSC2018\ConferenceBasic_NCCPS\AndroidManifest.xml:39:5-79
	android:name
		ADDED from IFSC2018\ConferenceBasic_NCCPS\AndroidManifest.xml:39:22-76
uses-permission#android.permission.INTERNET
ADDED from IFSC2018\ConferenceBasic_NCCPS\AndroidManifest.xml:40:5-67
	android:name
		ADDED from IFSC2018\ConferenceBasic_NCCPS\AndroidManifest.xml:40:22-64
uses-permission#android.permission.READ_PHONE_STATE
ADDED from IFSC2018\ConferenceBasic_NCCPS\AndroidManifest.xml:41:5-75
MERGED from [com.easefun.polyv:polyvPlayer:2.5.2] AndroidManifest.xml:12:5-75
MERGED from [com.easefun.polyv:polyvPlayer:2.5.2] AndroidManifest.xml:12:5-75
MERGED from [cn.finalteam:toolsfinal:1.1.5] AndroidManifest.xml:18:5-75
MERGED from [cn.finalteam:toolsfinal:1.1.5] AndroidManifest.xml:18:5-75
	android:name
		ADDED from IFSC2018\ConferenceBasic_NCCPS\AndroidManifest.xml:41:22-72
uses-permission#android.permission.WRITE_EXTERNAL_STORAGE
ADDED from IFSC2018\ConferenceBasic_NCCPS\AndroidManifest.xml:42:5-81
MERGED from [cn.finalteam:galleryfinal:1.4.8.7] AndroidManifest.xml:14:5-81
MERGED from [cn.finalteam:galleryfinal:1.4.8.7] AndroidManifest.xml:14:5-81
MERGED from [cn.finalteam:toolsfinal:1.1.5] AndroidManifest.xml:14:5-81
MERGED from [cn.finalteam:toolsfinal:1.1.5] AndroidManifest.xml:14:5-81
	android:name
		ADDED from IFSC2018\ConferenceBasic_NCCPS\AndroidManifest.xml:42:22-78
uses-permission#android.permission.READ_EXTERNAL_STORAGE
ADDED from IFSC2018\ConferenceBasic_NCCPS\AndroidManifest.xml:43:5-80
MERGED from [cn.finalteam:galleryfinal:1.4.8.7] AndroidManifest.xml:16:5-80
MERGED from [cn.finalteam:galleryfinal:1.4.8.7] AndroidManifest.xml:16:5-80
MERGED from [cn.finalteam:toolsfinal:1.1.5] AndroidManifest.xml:16:5-80
MERGED from [cn.finalteam:toolsfinal:1.1.5] AndroidManifest.xml:16:5-80
	android:name
		ADDED from IFSC2018\ConferenceBasic_NCCPS\AndroidManifest.xml:43:22-77
uses-permission#android.permission.MOUNT_UNMOUNT_FILESYSTEMS
ADDED from IFSC2018\ConferenceBasic_NCCPS\AndroidManifest.xml:44:5-84
MERGED from [cn.finalteam:galleryfinal:1.4.8.7] AndroidManifest.xml:12:5-84
MERGED from [cn.finalteam:galleryfinal:1.4.8.7] AndroidManifest.xml:12:5-84
MERGED from [cn.finalteam:toolsfinal:1.1.5] AndroidManifest.xml:12:5-84
MERGED from [cn.finalteam:toolsfinal:1.1.5] AndroidManifest.xml:12:5-84
	android:name
		ADDED from IFSC2018\ConferenceBasic_NCCPS\AndroidManifest.xml:44:22-81
uses-permission#android.permission.ACCESS_NETWORK_STATE
ADDED from IFSC2018\ConferenceBasic_NCCPS\AndroidManifest.xml:45:5-79
MERGED from [cn.finalteam:toolsfinal:1.1.5] AndroidManifest.xml:24:5-79
MERGED from [cn.finalteam:toolsfinal:1.1.5] AndroidManifest.xml:24:5-79
	android:name
		ADDED from IFSC2018\ConferenceBasic_NCCPS\AndroidManifest.xml:45:22-76
uses-permission#android.permission.WRITE_SETTINGS
ADDED from IFSC2018\ConferenceBasic_NCCPS\AndroidManifest.xml:46:5-73
	android:name
		ADDED from IFSC2018\ConferenceBasic_NCCPS\AndroidManifest.xml:46:22-70
uses-permission#android.permission.ACCESS_WIFI_STATE
ADDED from IFSC2018\ConferenceBasic_NCCPS\AndroidManifest.xml:47:5-76
MERGED from [com.easefun.polyv:polyvPlayer:2.5.2] AndroidManifest.xml:11:5-76
MERGED from [com.easefun.polyv:polyvPlayer:2.5.2] AndroidManifest.xml:11:5-76
MERGED from [cn.finalteam:toolsfinal:1.1.5] AndroidManifest.xml:20:5-76
MERGED from [cn.finalteam:toolsfinal:1.1.5] AndroidManifest.xml:20:5-76
	android:name
		ADDED from IFSC2018\ConferenceBasic_NCCPS\AndroidManifest.xml:47:22-73
uses-permission#android.permission.ACCESS_LOCATION_EXTRA_COMMANDS
ADDED from IFSC2018\ConferenceBasic_NCCPS\AndroidManifest.xml:54:5-89
	android:name
		ADDED from IFSC2018\ConferenceBasic_NCCPS\AndroidManifest.xml:54:22-86
uses-permission#android.permission.CHANGE_NETWORK_STATE
ADDED from IFSC2018\ConferenceBasic_NCCPS\AndroidManifest.xml:55:5-79
	android:name
		ADDED from IFSC2018\ConferenceBasic_NCCPS\AndroidManifest.xml:55:22-76
uses-permission#android.permission.GET_TASKS
ADDED from IFSC2018\ConferenceBasic_NCCPS\AndroidManifest.xml:56:5-68
MERGED from [cn.finalteam:toolsfinal:1.1.5] AndroidManifest.xml:22:5-68
MERGED from [cn.finalteam:toolsfinal:1.1.5] AndroidManifest.xml:22:5-68
	android:name
		ADDED from IFSC2018\ConferenceBasic_NCCPS\AndroidManifest.xml:56:22-65
application
ADDED from IFSC2018\ConferenceBasic_NCCPS\AndroidManifest.xml:65:5-390:19
MERGED from [:Library_SuperRecyclerView] AndroidManifest.xml:9:5-20
MERGED from [:Library_SuperRecyclerView] AndroidManifest.xml:9:5-20
MERGED from [:bottom-navigation-bar] AndroidManifest.xml:9:5-11:38
MERGED from [:bottom-navigation-bar] AndroidManifest.xml:9:5-11:38
MERGED from [com.jcodecraeer:xrecyclerview:1.2.7] AndroidManifest.xml:11:5-20
MERGED from [com.jcodecraeer:xrecyclerview:1.2.7] AndroidManifest.xml:11:5-20
MERGED from [com.sunfusheng:marqueeview:1.3.1] AndroidManifest.xml:11:5-15:19
MERGED from [com.sunfusheng:marqueeview:1.3.1] AndroidManifest.xml:11:5-15:19
MERGED from [cn.yc:YCDialogLib:3.5] AndroidManifest.xml:11:5-15:19
MERGED from [cn.yc:YCDialogLib:3.5] AndroidManifest.xml:11:5-15:19
MERGED from [cn.finalteam:galleryfinal:1.4.8.7] AndroidManifest.xml:18:5-34:19
MERGED from [cn.finalteam:galleryfinal:1.4.8.7] AndroidManifest.xml:18:5-34:19
MERGED from [com.bm.photoview:library:1.3.6] AndroidManifest.xml:11:5-12:19
MERGED from [com.bm.photoview:library:1.3.6] AndroidManifest.xml:11:5-12:19
MERGED from [org.litepal.android:core:1.4.1] AndroidManifest.xml:11:5-14:19
MERGED from [org.litepal.android:core:1.4.1] AndroidManifest.xml:11:5-14:19
MERGED from [:badgeviewlib] AndroidManifest.xml:11:5-20
MERGED from [:badgeviewlib] AndroidManifest.xml:11:5-20
MERGED from [de.hdodenhof:circleimageview:2.2.0] AndroidManifest.xml:9:5-20
MERGED from [de.hdodenhof:circleimageview:2.2.0] AndroidManifest.xml:9:5-20
MERGED from [tv.danmaku.ijk.media:ijkplayer-exo:0.8.4] AndroidManifest.xml:9:5-13:19
MERGED from [tv.danmaku.ijk.media:ijkplayer-exo:0.8.4] AndroidManifest.xml:9:5-13:19
	android:supportsRtl
		ADDED from [:bottom-navigation-bar] AndroidManifest.xml:11:9-35
	android:label
		ADDED from IFSC2018\ConferenceBasic_NCCPS\AndroidManifest.xml:70:9-41
	android:hardwareAccelerated
		ADDED from IFSC2018\ConferenceBasic_NCCPS\AndroidManifest.xml:68:9-43
	android:largeHeap
		ADDED from IFSC2018\ConferenceBasic_NCCPS\AndroidManifest.xml:71:9-33
	android:icon
		ADDED from IFSC2018\ConferenceBasic_NCCPS\AndroidManifest.xml:69:9-45
	android:allowBackup
		ADDED from IFSC2018\ConferenceBasic_NCCPS\AndroidManifest.xml:67:9-35
	android:theme
		ADDED from IFSC2018\ConferenceBasic_NCCPS\AndroidManifest.xml:72:9-44
	android:name
		ADDED from IFSC2018\ConferenceBasic_NCCPS\AndroidManifest.xml:66:9-80
meta-data#android.max_aspect
ADDED from IFSC2018\ConferenceBasic_NCCPS\AndroidManifest.xml:73:9-75:35
	android:value
		ADDED from IFSC2018\ConferenceBasic_NCCPS\AndroidManifest.xml:75:13-32
	android:name
		ADDED from IFSC2018\ConferenceBasic_NCCPS\AndroidManifest.xml:74:13-46
activity#com.android.incongress.cd.conference.SplashActivity
ADDED from IFSC2018\ConferenceBasic_NCCPS\AndroidManifest.xml:81:9-94:20
	android:screenOrientation
		ADDED from IFSC2018\ConferenceBasic_NCCPS\AndroidManifest.xml:86:13-49
	android:label
		ADDED from IFSC2018\ConferenceBasic_NCCPS\AndroidManifest.xml:85:13-45
	android:hardwareAccelerated
		ADDED from IFSC2018\ConferenceBasic_NCCPS\AndroidManifest.xml:84:13-47
	android:windowSoftInputMode
		ADDED from IFSC2018\ConferenceBasic_NCCPS\AndroidManifest.xml:88:13-56
	android:exported
		ADDED from IFSC2018\ConferenceBasic_NCCPS\AndroidManifest.xml:83:13-36
	android:theme
		ADDED from IFSC2018\ConferenceBasic_NCCPS\AndroidManifest.xml:87:13-69
	android:name
		ADDED from IFSC2018\ConferenceBasic_NCCPS\AndroidManifest.xml:82:13-79
intent-filter#action:name:android.intent.action.MAIN+category:name:android.intent.category.LAUNCHER
ADDED from IFSC2018\ConferenceBasic_NCCPS\AndroidManifest.xml:89:13-93:29
action#android.intent.action.MAIN
ADDED from IFSC2018\ConferenceBasic_NCCPS\AndroidManifest.xml:90:17-69
	android:name
		ADDED from IFSC2018\ConferenceBasic_NCCPS\AndroidManifest.xml:90:25-66
category#android.intent.category.LAUNCHER
ADDED from IFSC2018\ConferenceBasic_NCCPS\AndroidManifest.xml:92:17-77
	android:name
		ADDED from IFSC2018\ConferenceBasic_NCCPS\AndroidManifest.xml:92:27-74
activity#com.android.incongress.cd.conference.AdvertisesActivity
ADDED from IFSC2018\ConferenceBasic_NCCPS\AndroidManifest.xml:95:9-97:75
	android:theme
		ADDED from IFSC2018\ConferenceBasic_NCCPS\AndroidManifest.xml:97:13-72
	android:name
		ADDED from IFSC2018\ConferenceBasic_NCCPS\AndroidManifest.xml:96:13-83
activity#com.android.incongress.cd.conference.GuideAcitivity
ADDED from IFSC2018\ConferenceBasic_NCCPS\AndroidManifest.xml:98:9-101:75
	android:screenOrientation
		ADDED from IFSC2018\ConferenceBasic_NCCPS\AndroidManifest.xml:100:13-49
	android:theme
		ADDED from IFSC2018\ConferenceBasic_NCCPS\AndroidManifest.xml:101:13-72
	android:name
		ADDED from IFSC2018\ConferenceBasic_NCCPS\AndroidManifest.xml:99:13-79
activity#com.android.incongress.cd.conference.HomeActivity
ADDED from IFSC2018\ConferenceBasic_NCCPS\AndroidManifest.xml:102:9-117:20
	android:screenOrientation
		ADDED from IFSC2018\ConferenceBasic_NCCPS\AndroidManifest.xml:106:13-49
	android:launchMode
		ADDED from IFSC2018\ConferenceBasic_NCCPS\AndroidManifest.xml:105:13-44
	android:windowSoftInputMode
		ADDED from IFSC2018\ConferenceBasic_NCCPS\AndroidManifest.xml:108:13-52
	android:configChanges
		ADDED from IFSC2018\ConferenceBasic_NCCPS\AndroidManifest.xml:104:13-59
	android:theme
		ADDED from IFSC2018\ConferenceBasic_NCCPS\AndroidManifest.xml:107:13-57
	android:name
		ADDED from IFSC2018\ConferenceBasic_NCCPS\AndroidManifest.xml:103:13-77
intent-filter#action:name:android.intent.action.VIEW+category:name:android.intent.category.BROWSABLE+category:name:android.intent.category.DEFAULT+data:scheme:iccit
ADDED from IFSC2018\ConferenceBasic_NCCPS\AndroidManifest.xml:109:13-116:29
action#android.intent.action.VIEW
ADDED from IFSC2018\ConferenceBasic_NCCPS\AndroidManifest.xml:110:17-69
	android:name
		ADDED from IFSC2018\ConferenceBasic_NCCPS\AndroidManifest.xml:110:25-66
category#android.intent.category.DEFAULT
ADDED from IFSC2018\ConferenceBasic_NCCPS\AndroidManifest.xml:112:17-76
	android:name
		ADDED from IFSC2018\ConferenceBasic_NCCPS\AndroidManifest.xml:112:27-73
category#android.intent.category.BROWSABLE
ADDED from IFSC2018\ConferenceBasic_NCCPS\AndroidManifest.xml:113:17-78
	android:name
		ADDED from IFSC2018\ConferenceBasic_NCCPS\AndroidManifest.xml:113:27-75
data
ADDED from IFSC2018\ConferenceBasic_NCCPS\AndroidManifest.xml:115:17-48
	android:scheme
		ADDED from IFSC2018\ConferenceBasic_NCCPS\AndroidManifest.xml:115:23-45
activity#com.android.incongress.cd.conference.fragments.cit_live.CitLiveFragment
ADDED from IFSC2018\ConferenceBasic_NCCPS\AndroidManifest.xml:118:9-122:63
	android:screenOrientation
		ADDED from IFSC2018\ConferenceBasic_NCCPS\AndroidManifest.xml:121:13-49
	android:configChanges
		ADDED from IFSC2018\ConferenceBasic_NCCPS\AndroidManifest.xml:120:13-74
	android:theme
		ADDED from IFSC2018\ConferenceBasic_NCCPS\AndroidManifest.xml:122:13-60
	android:name
		ADDED from IFSC2018\ConferenceBasic_NCCPS\AndroidManifest.xml:119:13-99
activity#com.android.incongress.cd.conference.CollegeActivity
ADDED from IFSC2018\ConferenceBasic_NCCPS\AndroidManifest.xml:123:9-128:55
	android:screenOrientation
		ADDED from IFSC2018\ConferenceBasic_NCCPS\AndroidManifest.xml:126:13-49
	android:windowSoftInputMode
		ADDED from IFSC2018\ConferenceBasic_NCCPS\AndroidManifest.xml:128:13-52
	android:configChanges
		ADDED from IFSC2018\ConferenceBasic_NCCPS\AndroidManifest.xml:125:13-74
	android:theme
		ADDED from IFSC2018\ConferenceBasic_NCCPS\AndroidManifest.xml:127:13-60
	android:name
		ADDED from IFSC2018\ConferenceBasic_NCCPS\AndroidManifest.xml:124:13-80
activity#com.android.incongress.cd.conference.LoginActivity
ADDED from IFSC2018\ConferenceBasic_NCCPS\AndroidManifest.xml:129:9-133:73
	android:launchMode
		ADDED from IFSC2018\ConferenceBasic_NCCPS\AndroidManifest.xml:131:13-43
	android:windowSoftInputMode
		ADDED from IFSC2018\ConferenceBasic_NCCPS\AndroidManifest.xml:133:13-70
	android:theme
		ADDED from IFSC2018\ConferenceBasic_NCCPS\AndroidManifest.xml:132:13-47
	android:name
		ADDED from IFSC2018\ConferenceBasic_NCCPS\AndroidManifest.xml:130:13-78
activity#com.android.incongress.cd.conference.WxForLoginActivity
ADDED from IFSC2018\ConferenceBasic_NCCPS\AndroidManifest.xml:134:9-138:73
	android:launchMode
		ADDED from IFSC2018\ConferenceBasic_NCCPS\AndroidManifest.xml:136:13-43
	android:windowSoftInputMode
		ADDED from IFSC2018\ConferenceBasic_NCCPS\AndroidManifest.xml:138:13-70
	android:theme
		ADDED from IFSC2018\ConferenceBasic_NCCPS\AndroidManifest.xml:137:13-47
	android:name
		ADDED from IFSC2018\ConferenceBasic_NCCPS\AndroidManifest.xml:135:13-83
activity#com.android.incongress.cd.conference.GestureImageViewActivity
ADDED from IFSC2018\ConferenceBasic_NCCPS\AndroidManifest.xml:139:9-142:63
	android:screenOrientation
		ADDED from IFSC2018\ConferenceBasic_NCCPS\AndroidManifest.xml:141:13-49
	android:theme
		ADDED from IFSC2018\ConferenceBasic_NCCPS\AndroidManifest.xml:142:13-60
	android:name
		ADDED from IFSC2018\ConferenceBasic_NCCPS\AndroidManifest.xml:140:13-89
activity#com.android.incongress.cd.conference.WebViewVideoActivity
ADDED from IFSC2018\ConferenceBasic_NCCPS\AndroidManifest.xml:143:9-146:63
	android:configChanges
		ADDED from IFSC2018\ConferenceBasic_NCCPS\AndroidManifest.xml:145:13-85
	android:theme
		ADDED from IFSC2018\ConferenceBasic_NCCPS\AndroidManifest.xml:146:13-60
	android:name
		ADDED from IFSC2018\ConferenceBasic_NCCPS\AndroidManifest.xml:144:13-85
receiver#com.android.incongress.cd.conference.utils.AlarmInitReceiver
ADDED from IFSC2018\ConferenceBasic_NCCPS\AndroidManifest.xml:148:9-155:20
	android:name
		ADDED from IFSC2018\ConferenceBasic_NCCPS\AndroidManifest.xml:148:19-94
intent-filter#action:name:android.intent.action.BOOT_COMPLETED+action:name:android.intent.action.LOCALE_CHANGED+action:name:android.intent.action.TIMEZONE_CHANGED+action:name:android.intent.action.TIME_SET
ADDED from IFSC2018\ConferenceBasic_NCCPS\AndroidManifest.xml:149:13-154:29
action#android.intent.action.BOOT_COMPLETED
ADDED from IFSC2018\ConferenceBasic_NCCPS\AndroidManifest.xml:150:17-79
	android:name
		ADDED from IFSC2018\ConferenceBasic_NCCPS\AndroidManifest.xml:150:25-76
action#android.intent.action.TIME_SET
ADDED from IFSC2018\ConferenceBasic_NCCPS\AndroidManifest.xml:151:17-73
	android:name
		ADDED from IFSC2018\ConferenceBasic_NCCPS\AndroidManifest.xml:151:25-70
action#android.intent.action.TIMEZONE_CHANGED
ADDED from IFSC2018\ConferenceBasic_NCCPS\AndroidManifest.xml:152:17-81
	android:name
		ADDED from IFSC2018\ConferenceBasic_NCCPS\AndroidManifest.xml:152:25-78
action#android.intent.action.LOCALE_CHANGED
ADDED from IFSC2018\ConferenceBasic_NCCPS\AndroidManifest.xml:153:17-79
	android:name
		ADDED from IFSC2018\ConferenceBasic_NCCPS\AndroidManifest.xml:153:25-76
receiver#com.android.incongress.cd.conference.utils.AlarmReceiver
ADDED from IFSC2018\ConferenceBasic_NCCPS\AndroidManifest.xml:156:9-164:20
	android:process
		ADDED from IFSC2018\ConferenceBasic_NCCPS\AndroidManifest.xml:158:13-38
	android:name
		ADDED from IFSC2018\ConferenceBasic_NCCPS\AndroidManifest.xml:157:13-84
intent-filter#action:name:alarm_killed+action:name:cancel_snooze+action:name:com.android.incongress.cd.conference.alarm_start
ADDED from IFSC2018\ConferenceBasic_NCCPS\AndroidManifest.xml:159:13-163:29
action#com.android.incongress.cd.conference.alarm_start
ADDED from IFSC2018\ConferenceBasic_NCCPS\AndroidManifest.xml:160:17-91
	android:name
		ADDED from IFSC2018\ConferenceBasic_NCCPS\AndroidManifest.xml:160:25-88
action#alarm_killed
ADDED from IFSC2018\ConferenceBasic_NCCPS\AndroidManifest.xml:161:17-55
	android:name
		ADDED from IFSC2018\ConferenceBasic_NCCPS\AndroidManifest.xml:161:25-52
action#cancel_snooze
ADDED from IFSC2018\ConferenceBasic_NCCPS\AndroidManifest.xml:162:17-56
	android:name
		ADDED from IFSC2018\ConferenceBasic_NCCPS\AndroidManifest.xml:162:25-53
service#com.android.incongress.cd.conference.utils.AlarmKlaxon
ADDED from IFSC2018\ConferenceBasic_NCCPS\AndroidManifest.xml:166:9-98
	android:name
		ADDED from IFSC2018\ConferenceBasic_NCCPS\AndroidManifest.xml:166:18-87
service#com.android.incongress.cd.conference.services.AdService
ADDED from IFSC2018\ConferenceBasic_NCCPS\AndroidManifest.xml:167:9-91
	android:name
		ADDED from IFSC2018\ConferenceBasic_NCCPS\AndroidManifest.xml:167:18-88
activity#com.android.incongress.cd.conference.WebViewContainerActivity
ADDED from IFSC2018\ConferenceBasic_NCCPS\AndroidManifest.xml:169:9-98
	android:name
		ADDED from IFSC2018\ConferenceBasic_NCCPS\AndroidManifest.xml:169:19-95
activity#com.android.incongress.cd.conference.ScenicXiuPicsViewpagerActivity
ADDED from IFSC2018\ConferenceBasic_NCCPS\AndroidManifest.xml:170:9-172:74
	android:theme
		ADDED from IFSC2018\ConferenceBasic_NCCPS\AndroidManifest.xml:172:13-71
	android:name
		ADDED from IFSC2018\ConferenceBasic_NCCPS\AndroidManifest.xml:171:13-95
activity#com.android.incongress.cd.conference.fragments.professor_secretary.AnswerQuestionActivity
ADDED from IFSC2018\ConferenceBasic_NCCPS\AndroidManifest.xml:173:9-126
	android:name
		ADDED from IFSC2018\ConferenceBasic_NCCPS\AndroidManifest.xml:173:19-123
activity#com.android.incongress.cd.conference.RegisterActivity
ADDED from IFSC2018\ConferenceBasic_NCCPS\AndroidManifest.xml:176:9-90
	android:name
		ADDED from IFSC2018\ConferenceBasic_NCCPS\AndroidManifest.xml:176:19-87
activity#com.android.incongress.cd.conference.RegisterConfirmActivity
ADDED from IFSC2018\ConferenceBasic_NCCPS\AndroidManifest.xml:177:9-97
	android:name
		ADDED from IFSC2018\ConferenceBasic_NCCPS\AndroidManifest.xml:177:19-94
activity#com.android.incongress.cd.conference.fragments.professor_secretary.SecretaryActivity
ADDED from IFSC2018\ConferenceBasic_NCCPS\AndroidManifest.xml:178:9-121
	android:name
		ADDED from IFSC2018\ConferenceBasic_NCCPS\AndroidManifest.xml:178:19-118
service#cn.jpush.android.service.PushService
ADDED from IFSC2018\ConferenceBasic_NCCPS\AndroidManifest.xml:182:9-192:19
	android:enabled